#
# There is insufficient memory for the Java Runtime Environment to continue.
# Native memory allocation (mmap) failed to map 65536 bytes for Failed to commit metaspace.
# Possible reasons:
#   The system is out of physical RAM or swap space
#   The process is running with CompressedOops enabled, and the Java Heap may be blocking the growth of the native heap
# Possible solutions:
#   Reduce memory load on the system
#   Increase physical memory or swap space
#   Check if swap backing store is full
#   Decrease Java heap size (-Xmx/-Xms)
#   Decrease number of Java threads
#   Decrease Java thread stack sizes (-Xss)
#   Set larger code cache with -XX:ReservedCodeCacheSize=
#   JVM is running with Unscaled Compressed Oops mode in which the Java heap is
#     placed in the first 4GB address space. The Java Heap base address is the
#     maximum limit for the native heap growth. Please use -XX:HeapBaseMinAddress
#     to set the Java Heap base and to place the Java Heap above 4GB virtual address.
# This output file may be truncated or incomplete.
#
#  Out of Memory Error (virtualSpaceNode.cpp:110), pid=6516, tid=11832
#
# JRE version: OpenJDK Runtime Environment Temurin-17.0.1+12 (17.0.1+12) (build 17.0.1+12)
# Java VM: OpenJDK 64-Bit Server VM Temurin-17.0.1+12 (17.0.1+12, mixed mode, tiered, compressed oops, compressed class ptrs, g1 gc, windows-amd64)
# No core dump will be written. Minidumps are not enabled by default on client versions of Windows
#

---------------  S U M M A R Y ------------

Command Line: -Dfile.encoding=Cp1252 -XX:+ShowCodeDetailsInExceptionMessages manager.InvoiceGUI

Host: Intel(R) Core(TM) i3-6006U CPU @ 2.00GHz, 4 cores, 3G,  Windows 10 , 64 bit Build 19041 (10.0.19041.1706)
Time: Mon May 23 17:09:48 2022 Nepal Standard Time elapsed time: 0.312421 seconds (0d 0h 0m 0s)

---------------  T H R E A D  ---------------

Current thread (0x000002d4a955b8d0):  JavaThread "main" [_thread_in_vm, id=11832, stack(0x000000f73d900000,0x000000f73da00000)]

Stack: [0x000000f73d900000,0x000000f73da00000]
Native frames: (J=compiled Java code, j=interpreted, Vv=VM code, C=native code)
V  [jvm.dll+0x6744da]
V  [jvm.dll+0x82e144]
V  [jvm.dll+0x82f8ee]
V  [jvm.dll+0x82ff53]
V  [jvm.dll+0x245175]
V  [jvm.dll+0x82a0eb]
V  [jvm.dll+0x619566]
V  [jvm.dll+0x6195ca]
V  [jvm.dll+0x61bdea]
V  [jvm.dll+0x619f06]
V  [jvm.dll+0x62ab29]
V  [jvm.dll+0x623e54]
V  [jvm.dll+0x37ee11]
C  0x000002d4acc0c6fe

Java frames: (J=compiled Java code, j=interpreted, Vv=VM code)
j  java.util.ImmutableCollections$Set12.isEmpty()Z+0 java.base@17.0.1
j  java.lang.module.ModuleDescriptor$Exports.isQualified()Z+4 java.base@17.0.1
j  java.lang.Module.initExports(Ljava/lang/Module;Ljava/util/Map;)V+50 java.base@17.0.1
j  java.lang.Module.defineModules(Ljava/lang/module/Configuration;Ljava/util/function/Function;Ljava/lang/ModuleLayer;)Ljava/util/Map;+637 java.base@17.0.1
j  java.lang.ModuleLayer.<init>(Ljava/lang/module/Configuration;Ljava/util/List;Ljava/util/function/Function;)V+34 java.base@17.0.1
j  java.lang.ModuleLayer.defineModules(Ljava/lang/module/Configuration;Ljava/util/List;Ljava/util/function/Function;)Ljava/lang/ModuleLayer$Controller;+36 java.base@17.0.1
j  java.lang.ModuleLayer.defineModules(Ljava/lang/module/Configuration;Ljava/util/function/Function;)Ljava/lang/ModuleLayer;+6 java.base@17.0.1
j  jdk.internal.module.ModuleBootstrap.boot2()Ljava/lang/ModuleLayer;+1207 java.base@17.0.1
j  jdk.internal.module.ModuleBootstrap.boot()Ljava/lang/ModuleLayer;+64 java.base@17.0.1
j  java.lang.System.initPhase2(ZZ)I+0 java.base@17.0.1
v  ~StubRoutines::call_stub

---------------  P R O C E S S  ---------------

Threads class SMR info:
_java_thread_list=0x000002d4c04b5d00, length=10, elements={
0x000002d4a955b8d0, 0x000002d4c0489c10, 0x000002d4c048a8b0, 0x000002d4c04fa8b0,
0x000002d4c04fcd90, 0x000002d4c04ee4f0, 0x000002d4c04f4fd0, 0x000002d4c04f5970,
0x000002d4c04f6020, 0x000002d4c1038010
}

Java Threads: ( => current thread )
=>0x000002d4a955b8d0 JavaThread "main" [_thread_in_vm, id=11832, stack(0x000000f73d900000,0x000000f73da00000)]
  0x000002d4c0489c10 JavaThread "Reference Handler" daemon [_thread_blocked, id=5324, stack(0x000000f73e000000,0x000000f73e100000)]
  0x000002d4c048a8b0 JavaThread "Finalizer" daemon [_thread_blocked, id=20920, stack(0x000000f73e100000,0x000000f73e200000)]
  0x000002d4c04fa8b0 JavaThread "Signal Dispatcher" daemon [_thread_blocked, id=9096, stack(0x000000f73e200000,0x000000f73e300000)]
  0x000002d4c04fcd90 JavaThread "Attach Listener" daemon [_thread_blocked, id=9916, stack(0x000000f73e300000,0x000000f73e400000)]
  0x000002d4c04ee4f0 JavaThread "Service Thread" daemon [_thread_blocked, id=10484, stack(0x000000f73e400000,0x000000f73e500000)]
  0x000002d4c04f4fd0 JavaThread "Monitor Deflation Thread" daemon [_thread_blocked, id=18108, stack(0x000000f73e500000,0x000000f73e600000)]
  0x000002d4c04f5970 JavaThread "C2 CompilerThread0" daemon [_thread_blocked, id=920, stack(0x000000f73e600000,0x000000f73e700000)]
  0x000002d4c04f6020 JavaThread "C1 CompilerThread0" daemon [_thread_in_vm, id=13368, stack(0x000000f73e700000,0x000000f73e800000)]
  0x000002d4c1038010 JavaThread "Sweeper thread" daemon [_thread_blocked, id=21544, stack(0x000000f73e800000,0x000000f73e900000)]

Other Threads:
  0x000002d4c04ab840 VMThread "VM Thread" [stack: 0x000000f73df00000,0x000000f73e000000] [id=8224]
  0x000002d4a958a710 GCTaskThread "GC Thread#0" [stack: 0x000000f73da00000,0x000000f73db00000] [id=8848]
  0x000002d4a95936f0 ConcurrentGCThread "G1 Main Marker" [stack: 0x000000f73db00000,0x000000f73dc00000] [id=16804]
  0x000002d4a9595110 ConcurrentGCThread "G1 Conc#0" [stack: 0x000000f73dc00000,0x000000f73dd00000] [id=8956]
  0x000002d4a95d5c80 ConcurrentGCThread "G1 Refine#0" [stack: 0x000000f73dd00000,0x000000f73de00000] [id=13772]
  0x000002d4a95d86c0 ConcurrentGCThread "G1 Service" [stack: 0x000000f73de00000,0x000000f73df00000] [id=10504]

Threads with active compile tasks:
C1 CompilerThread0      379   48       3       java.util.HashMap::putVal (300 bytes)

VM state: not at safepoint (normal execution)

VM Mutex/Monitor currently owned by a thread:  ([mutex/lock_event])
[0x000002d4a9554700] Metaspace_lock - owner thread: 0x000002d4a955b8d0
[0x000002d4a9557140] MethodData_lock - owner thread: 0x000002d4c04f6020

Heap address: 0x00000000c3800000, size: 968 MB, Compressed Oops mode: 32-bit

CDS archive(s) not mapped
Compressed class space mapped at: 0x0000000100000000-0x0000000140000000, reserved size: 1073741824
Narrow klass base: 0x0000000000000000, Narrow klass shift: 3, Narrow klass range: 0x140000000

GC Precious Log:
 CPUs: 4 total, 4 available
 Memory: 3870M
 Large Page Support: Disabled
 NUMA Support: Disabled
 Compressed Oops: Enabled (32-bit)
 Heap Region Size: 1M
 Heap Min Capacity: 8M
 Heap Initial Capacity: 62M
 Heap Max Capacity: 968M
 Pre-touch: Disabled
 Parallel Workers: 4
 Concurrent Workers: 1
 Concurrent Refinement Workers: 4
 Periodic GC: Disabled

Heap:
 garbage-first heap   total 63488K, used 0K [0x00000000c3800000, 0x0000000100000000)
  region size 1024K, 1 young (1024K), 0 survivors (0K)
 Metaspace       used 3405K, committed 3456K, reserved 1056768K
  class space    used 269K, committed 320K, reserved 1048576K

Heap Regions: E=young(eden), S=young(survivor), O=old, HS=humongous(starts), HC=humongous(continues), CS=collection set, F=free, OA=open archive, CA=closed archive, TAMS=top-at-mark-start (previous, next)
|   0|0x00000000c3800000, 0x00000000c3800000, 0x00000000c3900000|  0%| F|  |TAMS 0x00000000c3800000, 0x00000000c3800000| Untracked 
|   1|0x00000000c3900000, 0x00000000c3900000, 0x00000000c3a00000|  0%| F|  |TAMS 0x00000000c3900000, 0x00000000c3900000| Untracked 
|   2|0x00000000c3a00000, 0x00000000c3a00000, 0x00000000c3b00000|  0%| F|  |TAMS 0x00000000c3a00000, 0x00000000c3a00000| Untracked 
|   3|0x00000000c3b00000, 0x00000000c3b00000, 0x00000000c3c00000|  0%| F|  |TAMS 0x00000000c3b00000, 0x00000000c3b00000| Untracked 
|   4|0x00000000c3c00000, 0x00000000c3c00000, 0x00000000c3d00000|  0%| F|  |TAMS 0x00000000c3c00000, 0x00000000c3c00000| Untracked 
|   5|0x00000000c3d00000, 0x00000000c3d00000, 0x00000000c3e00000|  0%| F|  |TAMS 0x00000000c3d00000, 0x00000000c3d00000| Untracked 
|   6|0x00000000c3e00000, 0x00000000c3e00000, 0x00000000c3f00000|  0%| F|  |TAMS 0x00000000c3e00000, 0x00000000c3e00000| Untracked 
|   7|0x00000000c3f00000, 0x00000000c3f00000, 0x00000000c4000000|  0%| F|  |TAMS 0x00000000c3f00000, 0x00000000c3f00000| Untracked 
|   8|0x00000000c4000000, 0x00000000c4000000, 0x00000000c4100000|  0%| F|  |TAMS 0x00000000c4000000, 0x00000000c4000000| Untracked 
|   9|0x00000000c4100000, 0x00000000c4100000, 0x00000000c4200000|  0%| F|  |TAMS 0x00000000c4100000, 0x00000000c4100000| Untracked 
|  10|0x00000000c4200000, 0x00000000c4200000, 0x00000000c4300000|  0%| F|  |TAMS 0x00000000c4200000, 0x00000000c4200000| Untracked 
|  11|0x00000000c4300000, 0x00000000c4300000, 0x00000000c4400000|  0%| F|  |TAMS 0x00000000c4300000, 0x00000000c4300000| Untracked 
|  12|0x00000000c4400000, 0x00000000c4400000, 0x00000000c4500000|  0%| F|  |TAMS 0x00000000c4400000, 0x00000000c4400000| Untracked 
|  13|0x00000000c4500000, 0x00000000c4500000, 0x00000000c4600000|  0%| F|  |TAMS 0x00000000c4500000, 0x00000000c4500000| Untracked 
|  14|0x00000000c4600000, 0x00000000c4600000, 0x00000000c4700000|  0%| F|  |TAMS 0x00000000c4600000, 0x00000000c4600000| Untracked 
|  15|0x00000000c4700000, 0x00000000c4700000, 0x00000000c4800000|  0%| F|  |TAMS 0x00000000c4700000, 0x00000000c4700000| Untracked 
|  16|0x00000000c4800000, 0x00000000c4800000, 0x00000000c4900000|  0%| F|  |TAMS 0x00000000c4800000, 0x00000000c4800000| Untracked 
|  17|0x00000000c4900000, 0x00000000c4900000, 0x00000000c4a00000|  0%| F|  |TAMS 0x00000000c4900000, 0x00000000c4900000| Untracked 
|  18|0x00000000c4a00000, 0x00000000c4a00000, 0x00000000c4b00000|  0%| F|  |TAMS 0x00000000c4a00000, 0x00000000c4a00000| Untracked 
|  19|0x00000000c4b00000, 0x00000000c4b00000, 0x00000000c4c00000|  0%| F|  |TAMS 0x00000000c4b00000, 0x00000000c4b00000| Untracked 
|  20|0x00000000c4c00000, 0x00000000c4c00000, 0x00000000c4d00000|  0%| F|  |TAMS 0x00000000c4c00000, 0x00000000c4c00000| Untracked 
|  21|0x00000000c4d00000, 0x00000000c4d00000, 0x00000000c4e00000|  0%| F|  |TAMS 0x00000000c4d00000, 0x00000000c4d00000| Untracked 
|  22|0x00000000c4e00000, 0x00000000c4e00000, 0x00000000c4f00000|  0%| F|  |TAMS 0x00000000c4e00000, 0x00000000c4e00000| Untracked 
|  23|0x00000000c4f00000, 0x00000000c4f00000, 0x00000000c5000000|  0%| F|  |TAMS 0x00000000c4f00000, 0x00000000c4f00000| Untracked 
|  24|0x00000000c5000000, 0x00000000c5000000, 0x00000000c5100000|  0%| F|  |TAMS 0x00000000c5000000, 0x00000000c5000000| Untracked 
|  25|0x00000000c5100000, 0x00000000c5100000, 0x00000000c5200000|  0%| F|  |TAMS 0x00000000c5100000, 0x00000000c5100000| Untracked 
|  26|0x00000000c5200000, 0x00000000c5200000, 0x00000000c5300000|  0%| F|  |TAMS 0x00000000c5200000, 0x00000000c5200000| Untracked 
|  27|0x00000000c5300000, 0x00000000c5300000, 0x00000000c5400000|  0%| F|  |TAMS 0x00000000c5300000, 0x00000000c5300000| Untracked 
|  28|0x00000000c5400000, 0x00000000c5400000, 0x00000000c5500000|  0%| F|  |TAMS 0x00000000c5400000, 0x00000000c5400000| Untracked 
|  29|0x00000000c5500000, 0x00000000c5500000, 0x00000000c5600000|  0%| F|  |TAMS 0x00000000c5500000, 0x00000000c5500000| Untracked 
|  30|0x00000000c5600000, 0x00000000c5600000, 0x00000000c5700000|  0%| F|  |TAMS 0x00000000c5600000, 0x00000000c5600000| Untracked 
|  31|0x00000000c5700000, 0x00000000c5700000, 0x00000000c5800000|  0%| F|  |TAMS 0x00000000c5700000, 0x00000000c5700000| Untracked 
|  32|0x00000000c5800000, 0x00000000c5800000, 0x00000000c5900000|  0%| F|  |TAMS 0x00000000c5800000, 0x00000000c5800000| Untracked 
|  33|0x00000000c5900000, 0x00000000c5900000, 0x00000000c5a00000|  0%| F|  |TAMS 0x00000000c5900000, 0x00000000c5900000| Untracked 
|  34|0x00000000c5a00000, 0x00000000c5a00000, 0x00000000c5b00000|  0%| F|  |TAMS 0x00000000c5a00000, 0x00000000c5a00000| Untracked 
|  35|0x00000000c5b00000, 0x00000000c5b00000, 0x00000000c5c00000|  0%| F|  |TAMS 0x00000000c5b00000, 0x00000000c5b00000| Untracked 
|  36|0x00000000c5c00000, 0x00000000c5c00000, 0x00000000c5d00000|  0%| F|  |TAMS 0x00000000c5c00000, 0x00000000c5c00000| Untracked 
|  37|0x00000000c5d00000, 0x00000000c5d00000, 0x00000000c5e00000|  0%| F|  |TAMS 0x00000000c5d00000, 0x00000000c5d00000| Untracked 
|  38|0x00000000c5e00000, 0x00000000c5e00000, 0x00000000c5f00000|  0%| F|  |TAMS 0x00000000c5e00000, 0x00000000c5e00000| Untracked 
|  39|0x00000000c5f00000, 0x00000000c5f00000, 0x00000000c6000000|  0%| F|  |TAMS 0x00000000c5f00000, 0x00000000c5f00000| Untracked 
|  40|0x00000000c6000000, 0x00000000c6000000, 0x00000000c6100000|  0%| F|  |TAMS 0x00000000c6000000, 0x00000000c6000000| Untracked 
|  41|0x00000000c6100000, 0x00000000c6100000, 0x00000000c6200000|  0%| F|  |TAMS 0x00000000c6100000, 0x00000000c6100000| Untracked 
|  42|0x00000000c6200000, 0x00000000c6200000, 0x00000000c6300000|  0%| F|  |TAMS 0x00000000c6200000, 0x00000000c6200000| Untracked 
|  43|0x00000000c6300000, 0x00000000c6300000, 0x00000000c6400000|  0%| F|  |TAMS 0x00000000c6300000, 0x00000000c6300000| Untracked 
|  44|0x00000000c6400000, 0x00000000c6400000, 0x00000000c6500000|  0%| F|  |TAMS 0x00000000c6400000, 0x00000000c6400000| Untracked 
|  45|0x00000000c6500000, 0x00000000c6500000, 0x00000000c6600000|  0%| F|  |TAMS 0x00000000c6500000, 0x00000000c6500000| Untracked 
|  46|0x00000000c6600000, 0x00000000c6600000, 0x00000000c6700000|  0%| F|  |TAMS 0x00000000c6600000, 0x00000000c6600000| Untracked 
|  47|0x00000000c6700000, 0x00000000c6700000, 0x00000000c6800000|  0%| F|  |TAMS 0x00000000c6700000, 0x00000000c6700000| Untracked 
|  48|0x00000000c6800000, 0x00000000c6800000, 0x00000000c6900000|  0%| F|  |TAMS 0x00000000c6800000, 0x00000000c6800000| Untracked 
|  49|0x00000000c6900000, 0x00000000c6900000, 0x00000000c6a00000|  0%| F|  |TAMS 0x00000000c6900000, 0x00000000c6900000| Untracked 
|  50|0x00000000c6a00000, 0x00000000c6a00000, 0x00000000c6b00000|  0%| F|  |TAMS 0x00000000c6a00000, 0x00000000c6a00000| Untracked 
|  51|0x00000000c6b00000, 0x00000000c6b00000, 0x00000000c6c00000|  0%| F|  |TAMS 0x00000000c6b00000, 0x00000000c6b00000| Untracked 
|  52|0x00000000c6c00000, 0x00000000c6c00000, 0x00000000c6d00000|  0%| F|  |TAMS 0x00000000c6c00000, 0x00000000c6c00000| Untracked 
|  53|0x00000000c6d00000, 0x00000000c6d00000, 0x00000000c6e00000|  0%| F|  |TAMS 0x00000000c6d00000, 0x00000000c6d00000| Untracked 
|  54|0x00000000c6e00000, 0x00000000c6e00000, 0x00000000c6f00000|  0%| F|  |TAMS 0x00000000c6e00000, 0x00000000c6e00000| Untracked 
|  55|0x00000000c6f00000, 0x00000000c6f00000, 0x00000000c7000000|  0%| F|  |TAMS 0x00000000c6f00000, 0x00000000c6f00000| Untracked 
|  56|0x00000000c7000000, 0x00000000c7000000, 0x00000000c7100000|  0%| F|  |TAMS 0x00000000c7000000, 0x00000000c7000000| Untracked 
|  57|0x00000000c7100000, 0x00000000c7100000, 0x00000000c7200000|  0%| F|  |TAMS 0x00000000c7100000, 0x00000000c7100000| Untracked 
|  58|0x00000000c7200000, 0x00000000c7200000, 0x00000000c7300000|  0%| F|  |TAMS 0x00000000c7200000, 0x00000000c7200000| Untracked 
|  59|0x00000000c7300000, 0x00000000c7300000, 0x00000000c7400000|  0%| F|  |TAMS 0x00000000c7300000, 0x00000000c7300000| Untracked 
|  60|0x00000000c7400000, 0x00000000c7400000, 0x00000000c7500000|  0%| F|  |TAMS 0x00000000c7400000, 0x00000000c7400000| Untracked 
|  61|0x00000000c7500000, 0x00000000c7600000, 0x00000000c7600000|100%| E|  |TAMS 0x00000000c7500000, 0x00000000c7500000| Complete 

Card table byte_map: [0x000002d4bbdf0000,0x000002d4bbfe0000] _byte_map_base: 0x000002d4bb7d4000

Marking Bits (Prev, Next): (CMBitMap*) 0x000002d4a958ad20, (CMBitMap*) 0x000002d4a958ad60
 Prev Bits: [0x000002d4bc1d0000, 0x000002d4bd0f0000)
 Next Bits: [0x000002d4bd0f0000, 0x000002d4be010000)

Polling page: 0x000002d4a8d30000

Metaspace:

Usage:
  Non-class:      3.06 MB used.
      Class:    269.06 KB used.
       Both:      3.33 MB used.

Virtual space:
  Non-class space:        8.00 MB reserved,       3.06 MB ( 38%) committed,  1 nodes.
      Class space:        1.00 GB reserved,     320.00 KB ( <1%) committed,  1 nodes.
             Both:        1.01 GB reserved,       3.38 MB ( <1%) committed. 

Chunk freelists:
   Non-Class:  0 bytes
       Class:  3.62 MB
        Both:  3.62 MB

MaxMetaspaceSize: unlimited
CompressedClassSpaceSize: 1.00 GB
Initial GC threshold: 21.00 MB
Current GC threshold: 21.00 MB
CDS: off
MetaspaceReclaimPolicy: balanced
 - commit_granule_bytes: 65536.
 - commit_granule_words: 8192.
 - virtual_space_node_default_size: 1048576.
 - enlarge_chunks_in_place: 1.
 - new_chunks_are_fully_committed: 0.
 - uncommit_free_chunks: 1.
 - use_allocation_guard: 0.
 - handle_deallocations: 1.


Internal statistics:

num_allocs_failed_limit: 0.
num_arena_births: 2.
num_arena_deaths: 0.
num_vsnodes_births: 2.
num_vsnodes_deaths: 0.
num_space_committed: 54.
num_space_uncommitted: 0.
num_chunks_returned_to_freelist: 0.
num_chunks_taken_from_freelist: 4.
num_chunk_merges: 0.
num_chunk_splits: 1.
num_chunks_enlarged: 0.
num_purges: 0.
num_inconsistent_stats: 0.

CodeHeap 'non-profiled nmethods': size=120000Kb used=9Kb max_used=9Kb free=119991Kb
 bounds [0x000002d4b46d0000, 0x000002d4b4940000, 0x000002d4bbc00000]
CodeHeap 'profiled nmethods': size=120000Kb used=61Kb max_used=61Kb free=119938Kb
 bounds [0x000002d4ad1a0000, 0x000002d4ad410000, 0x000002d4b46d0000]
CodeHeap 'non-nmethods': size=5760Kb used=1031Kb max_used=1038Kb free=4728Kb
 bounds [0x000002d4acc00000, 0x000002d4ace70000, 0x000002d4ad1a0000]
 total_blobs=331 nmethods=47 adapters=197
 compilation: enabled
              stopped_count=0, restarted_count=0
 full_count=0

Compilation events (20 events):
Event: 0.290 Thread 0x000002d4c04f6020 nmethod 34 0x000002d4ad1a9410 code [0x000002d4ad1a9600, 0x000002d4ad1a9b58]
Event: 0.290 Thread 0x000002d4c04f6020   35       3       java.util.ImmutableCollections$MapN::get (35 bytes)
Event: 0.291 Thread 0x000002d4c04f6020 nmethod 35 0x000002d4ad1a9d90 code [0x000002d4ad1a9f60, 0x000002d4ad1aa318]
Event: 0.291 Thread 0x000002d4c04f6020   36       3       java.util.ImmutableCollections$SetN$SetNIterator::hasNext (13 bytes)
Event: 0.291 Thread 0x000002d4c04f6020 nmethod 36 0x000002d4ad1aa490 code [0x000002d4ad1aa620, 0x000002d4ad1aa798]
Event: 0.291 Thread 0x000002d4c04f6020   38       3       jdk.internal.module.ModuleReferenceImpl::hashCode (56 bytes)
Event: 0.292 Thread 0x000002d4c04f6020 nmethod 38 0x000002d4ad1aa810 code [0x000002d4ad1aaa00, 0x000002d4ad1aae68]
Event: 0.293 Thread 0x000002d4c04f6020   39   !   3       java.util.concurrent.ConcurrentHashMap::putVal (432 bytes)
Event: 0.297 Thread 0x000002d4c04f6020 nmethod 39 0x000002d4ad1ab010 code [0x000002d4ad1ab380, 0x000002d4ad1ace68]
Event: 0.297 Thread 0x000002d4c04f6020   46       3       java.util.concurrent.ConcurrentHashMap::addCount (280 bytes)
Event: 0.299 Thread 0x000002d4c04f6020 nmethod 46 0x000002d4ad1ad810 code [0x000002d4ad1ada60, 0x000002d4ad1ae3e8]
Event: 0.299 Thread 0x000002d4c04f6020   40       3       java.util.concurrent.ConcurrentHashMap$Node::<init> (20 bytes)
Event: 0.299 Thread 0x000002d4c04f6020 nmethod 40 0x000002d4ad1ae690 code [0x000002d4ad1ae840, 0x000002d4ad1aea78]
Event: 0.299 Thread 0x000002d4c04f6020   44       3       java.util.concurrent.ConcurrentHashMap::putIfAbsent (8 bytes)
Event: 0.300 Thread 0x000002d4c04f6020 nmethod 44 0x000002d4ad1aeb10 code [0x000002d4ad1aeca0, 0x000002d4ad1aede8]
Event: 0.300 Thread 0x000002d4c04f6020   45       3       java.util.concurrent.ConcurrentHashMap::casTabAt (21 bytes)
Event: 0.300 Thread 0x000002d4c04f6020 nmethod 45 0x000002d4ad1aee90 code [0x000002d4ad1af020, 0x000002d4ad1af198]
Event: 0.300 Thread 0x000002d4c04f6020   42       3       java.util.HashMap::hash (20 bytes)
Event: 0.300 Thread 0x000002d4c04f6020 nmethod 42 0x000002d4ad1af210 code [0x000002d4ad1af3c0, 0x000002d4ad1af5c8]
Event: 0.304 Thread 0x000002d4c04f6020   48       3       java.util.HashMap::putVal (300 bytes)

GC Heap History (0 events):
No events

Deoptimization events (0 events):
No events

Classes unloaded (0 events):
No events

Classes redefined (0 events):
No events

Internal exceptions (0 events):
No events

VM Operations (0 events):
No events

Events (20 events):
Event: 0.288 loading class java/util/AbstractMap$1
Event: 0.288 loading class java/util/AbstractMap$1 done
Event: 0.288 loading class java/util/AbstractMap$1$1
Event: 0.288 loading class java/util/AbstractMap$1$1 done
Event: 0.289 loading class java/util/ImmutableCollections$Set12$1
Event: 0.289 loading class java/util/ImmutableCollections$Set12$1 done
Event: 0.291 loading class jdk/internal/module/ModuleLoaderMap
Event: 0.291 loading class jdk/internal/module/ModuleLoaderMap done
Event: 0.292 loading class jdk/internal/module/ModuleLoaderMap$Mapper
Event: 0.292 loading class java/util/function/Function
Event: 0.292 loading class java/util/function/Function done
Event: 0.292 loading class jdk/internal/module/ModuleLoaderMap$Mapper done
Event: 0.292 loading class jdk/internal/module/ModuleLoaderMap$Modules
Event: 0.292 loading class jdk/internal/module/ModuleLoaderMap$Modules done
Event: 0.298 loading class java/lang/ModuleLayer
Event: 0.299 loading class java/lang/ModuleLayer done
Event: 0.299 loading class java/util/ImmutableCollections$ListItr
Event: 0.299 loading class java/util/ListIterator
Event: 0.299 loading class java/util/ListIterator done
Event: 0.300 loading class java/util/ImmutableCollections$ListItr done


Dynamic libraries:
0x00007ff720770000 - 0x00007ff72077e000 	C:\Users\nites\Downloads\eclipse-jee-2021-12-R-win32-x86_64\eclipse\plugins\org.eclipse.justj.openjdk.hotspot.jre.full.win32.x86_64_17.0.1.v20211116-1657\jre\bin\javaw.exe
0x00007ff8bfeb0000 - 0x00007ff8c00a5000 	C:\WINDOWS\SYSTEM32\ntdll.dll
0x00007ff8be140000 - 0x00007ff8be1fd000 	C:\WINDOWS\System32\KERNEL32.DLL
0x00007ff8bd6c0000 - 0x00007ff8bd98d000 	C:\WINDOWS\System32\KERNELBASE.dll
0x00007ff8bd5c0000 - 0x00007ff8bd6c0000 	C:\WINDOWS\System32\ucrtbase.dll
0x00007ff8b5900000 - 0x00007ff8b5918000 	C:\Users\nites\Downloads\eclipse-jee-2021-12-R-win32-x86_64\eclipse\plugins\org.eclipse.justj.openjdk.hotspot.jre.full.win32.x86_64_17.0.1.v20211116-1657\jre\bin\jli.dll
0x00007ff8bdfa0000 - 0x00007ff8be140000 	C:\WINDOWS\System32\USER32.dll
0x00007ff8bdb40000 - 0x00007ff8bdb62000 	C:\WINDOWS\System32\win32u.dll
0x00007ff8bf9a0000 - 0x00007ff8bf9ca000 	C:\WINDOWS\System32\GDI32.dll
0x00007ff8bda30000 - 0x00007ff8bdb3b000 	C:\WINDOWS\System32\gdi32full.dll
0x00007ff8bd990000 - 0x00007ff8bda2d000 	C:\WINDOWS\System32\msvcp_win.dll
0x00007ff8a6a00000 - 0x00007ff8a6a19000 	C:\Users\nites\Downloads\eclipse-jee-2021-12-R-win32-x86_64\eclipse\plugins\org.eclipse.justj.openjdk.hotspot.jre.full.win32.x86_64_17.0.1.v20211116-1657\jre\bin\VCRUNTIME140.dll
0x00007ff8a6b70000 - 0x00007ff8a6e0a000 	C:\WINDOWS\WinSxS\amd64_microsoft.windows.common-controls_6595b64144ccf1df_6.0.19041.1110_none_60b5254171f9507e\COMCTL32.dll
0x00007ff8bdf00000 - 0x00007ff8bdf9e000 	C:\WINDOWS\System32\msvcrt.dll
0x00007ff8be940000 - 0x00007ff8be970000 	C:\WINDOWS\System32\IMM32.DLL
0x00007ff8b7070000 - 0x00007ff8b707c000 	C:\Users\nites\Downloads\eclipse-jee-2021-12-R-win32-x86_64\eclipse\plugins\org.eclipse.justj.openjdk.hotspot.jre.full.win32.x86_64_17.0.1.v20211116-1657\jre\bin\vcruntime140_1.dll
0x00007ff890ed0000 - 0x00007ff890f61000 	C:\Users\nites\Downloads\eclipse-jee-2021-12-R-win32-x86_64\eclipse\plugins\org.eclipse.justj.openjdk.hotspot.jre.full.win32.x86_64_17.0.1.v20211116-1657\jre\bin\msvcp140.dll
0x00007ff851e30000 - 0x00007ff852a76000 	C:\Users\nites\Downloads\eclipse-jee-2021-12-R-win32-x86_64\eclipse\plugins\org.eclipse.justj.openjdk.hotspot.jre.full.win32.x86_64_17.0.1.v20211116-1657\jre\bin\server\jvm.dll
0x00007ff8bf090000 - 0x00007ff8bf13e000 	C:\WINDOWS\System32\ADVAPI32.dll
0x00007ff8bf1b0000 - 0x00007ff8bf24c000 	C:\WINDOWS\System32\sechost.dll
0x00007ff8beb10000 - 0x00007ff8bec35000 	C:\WINDOWS\System32\RPCRT4.dll
0x00007ff8bfe60000 - 0x00007ff8bfe68000 	C:\WINDOWS\System32\PSAPI.DLL
0x00007ff8b6d40000 - 0x00007ff8b6d49000 	C:\WINDOWS\SYSTEM32\WSOCK32.dll
0x00007ff8beaa0000 - 0x00007ff8beb0b000 	C:\WINDOWS\System32\WS2_32.dll
0x00007ff8ae1a0000 - 0x00007ff8ae1c7000 	C:\WINDOWS\SYSTEM32\WINMM.dll
0x00007ff8a9df0000 - 0x00007ff8a9dfa000 	C:\WINDOWS\SYSTEM32\VERSION.dll
0x00007ff8bbe50000 - 0x00007ff8bbe62000 	C:\WINDOWS\SYSTEM32\kernel.appcore.dll
0x00007ff8ab6b0000 - 0x00007ff8ab6ba000 	C:\Users\nites\Downloads\eclipse-jee-2021-12-R-win32-x86_64\eclipse\plugins\org.eclipse.justj.openjdk.hotspot.jre.full.win32.x86_64_17.0.1.v20211116-1657\jre\bin\jimage.dll
0x00007ff8bbb80000 - 0x00007ff8bbd64000 	C:\WINDOWS\SYSTEM32\DBGHELP.DLL
0x00007ff8afd40000 - 0x00007ff8afd6c000 	C:\WINDOWS\SYSTEM32\dbgcore.DLL
0x00007ff8bdb70000 - 0x00007ff8bdbf2000 	C:\WINDOWS\System32\bcryptPrimitives.dll
0x00007ff8ab4e0000 - 0x00007ff8ab505000 	C:\Users\nites\Downloads\eclipse-jee-2021-12-R-win32-x86_64\eclipse\plugins\org.eclipse.justj.openjdk.hotspot.jre.full.win32.x86_64_17.0.1.v20211116-1657\jre\bin\java.dll
0x00007ff8a8a90000 - 0x00007ff8a8aa8000 	C:\Users\nites\Downloads\eclipse-jee-2021-12-R-win32-x86_64\eclipse\plugins\org.eclipse.justj.openjdk.hotspot.jre.full.win32.x86_64_17.0.1.v20211116-1657\jre\bin\zip.dll
0x00007ff8bf250000 - 0x00007ff8bf994000 	C:\WINDOWS\System32\SHELL32.dll
0x00007ff8bb310000 - 0x00007ff8bbaa4000 	C:\WINDOWS\SYSTEM32\windows.storage.dll
0x00007ff8becd0000 - 0x00007ff8bf024000 	C:\WINDOWS\System32\combase.dll
0x00007ff8bcf50000 - 0x00007ff8bcf7c000 	C:\WINDOWS\SYSTEM32\Wldp.dll
0x00007ff8be280000 - 0x00007ff8be32d000 	C:\WINDOWS\System32\SHCORE.dll
0x00007ff8be200000 - 0x00007ff8be255000 	C:\WINDOWS\System32\shlwapi.dll
0x00007ff8bd500000 - 0x00007ff8bd51f000 	C:\WINDOWS\SYSTEM32\profapi.dll

dbghelp: loaded successfully - version: 4.0.5 - missing functions: none
symbol engine: initialized successfully - sym options: 0x614 - pdb path: .;C:\Users\nites\Downloads\eclipse-jee-2021-12-R-win32-x86_64\eclipse\plugins\org.eclipse.justj.openjdk.hotspot.jre.full.win32.x86_64_17.0.1.v20211116-1657\jre\bin;C:\WINDOWS\SYSTEM32;C:\WINDOWS\WinSxS\amd64_microsoft.windows.common-controls_6595b64144ccf1df_6.0.19041.1110_none_60b5254171f9507e;C:\Users\nites\Downloads\eclipse-jee-2021-12-R-win32-x86_64\eclipse\plugins\org.eclipse.justj.openjdk.hotspot.jre.full.win32.x86_64_17.0.1.v20211116-1657\jre\bin\server

VM Arguments:
jvm_args: -Dfile.encoding=Cp1252 -XX:+ShowCodeDetailsInExceptionMessages 
java_command: manager.InvoiceGUI
java_class_path (initial): C:\Users\nites\eclipse-workspace\Assignment1\bin;C:\Users\nites\eclipse-workspace\Assignment1\libs\mysql-connector-java-8.0.28.jar;C:\Users\nites\eclipse-workspace\Assignment1\libs\TimingFramework-0.55.jar;C:\Users\nites\eclipse-workspace\Assignment1\libs\jcalendar-1.4.jar
Launcher Type: SUN_STANDARD

[Global flags]
     intx CICompilerCount                          = 3                                         {product} {ergonomic}
     uint ConcGCThreads                            = 1                                         {product} {ergonomic}
     uint G1ConcRefinementThreads                  = 4                                         {product} {ergonomic}
   size_t G1HeapRegionSize                         = 1048576                                   {product} {ergonomic}
    uintx GCDrainStackTargetSize                   = 64                                        {product} {ergonomic}
   size_t InitialHeapSize                          = 65011712                                  {product} {ergonomic}
   size_t MarkStackSize                            = 4194304                                   {product} {ergonomic}
   size_t MaxHeapSize                              = 1015021568                                {product} {ergonomic}
   size_t MaxNewSize                               = 608174080                                 {product} {ergonomic}
   size_t MinHeapDeltaBytes                        = 1048576                                   {product} {ergonomic}
   size_t MinHeapSize                              = 8388608                                   {product} {ergonomic}
    uintx NonNMethodCodeHeapSize                   = 5832780                                {pd product} {ergonomic}
    uintx NonProfiledCodeHeapSize                  = 122912730                              {pd product} {ergonomic}
    uintx ProfiledCodeHeapSize                     = 122912730                              {pd product} {ergonomic}
    uintx ReservedCodeCacheSize                    = 251658240                              {pd product} {ergonomic}
     bool SegmentedCodeCache                       = true                                      {product} {ergonomic}
     bool ShowCodeDetailsInExceptionMessages       = true                                   {manageable} {command line}
   size_t SoftMaxHeapSize                          = 1015021568                             {manageable} {ergonomic}
     bool UseCompressedClassPointers               = true                           {product lp64_product} {ergonomic}
     bool UseCompressedOops                        = true                           {product lp64_product} {ergonomic}
     bool UseG1GC                                  = true                                      {product} {ergonomic}
     bool UseLargePagesIndividualAllocation        = false                                  {pd product} {ergonomic}

Logging:
Log output configuration:
 #0: stdout all=warning uptime,level,tags
 #1: stderr all=off uptime,level,tags

Environment Variables:
PATH=C:/Users/nites/Downloads/eclipse-jee-2021-12-R-win32-x86_64/eclipse//plugins/org.eclipse.justj.openjdk.hotspot.jre.full.win32.x86_64_17.0.1.v20211116-1657/jre/bin/server;C:/Users/nites/Downloads/eclipse-jee-2021-12-R-win32-x86_64/eclipse//plugins/org.eclipse.justj.openjdk.hotspot.jre.full.win32.x86_64_17.0.1.v20211116-1657/jre/bin;C:\Program Files\Common Files\Oracle\Java\javapath;C:\WINDOWS\system32;C:\WINDOWS;C:\WINDOWS\System32\Wbem;C:\WINDOWS\System32\WindowsPowerShell\v1.0\;C:\WINDOWS\System32\OpenSSH\;C:\Users\nites\AppData\Local\Microsoft\WindowsApps;;C:\Users\nites\AppData\Local\Programs\Microsoft VS Code\bin;C:\Users\nites\Downloads\eclipse-jee-2021-12-R-win32-x86_64\eclipse;
USERNAME=nites
OS=Windows_NT
PROCESSOR_IDENTIFIER=Intel64 Family 6 Model 78 Stepping 3, GenuineIntel



---------------  S Y S T E M  ---------------

OS:
 Windows 10 , 64 bit Build 19041 (10.0.19041.1706)
OS uptime: 7 days 22:03 hours

CPU: total 4 (initial active 4) (2 cores per cpu, 2 threads per core) family 6 model 78 stepping 3 microcode 0xcc, cx8, cmov, fxsr, ht, mmx, 3dnowpref, sse, sse2, sse3, ssse3, sse4.1, sse4.2, popcnt, lzcnt, tsc, tscinvbit, avx, avx2, aes, erms, clmul, bmi1, bmi2, adx, fma, vzeroupper, clflush, clflushopt

Memory: 4k page, system-wide physical 3870M (282M free)
TotalPageFile size 15646M (AvailPageFile size 3M)
current process WorkingSet (physical memory assigned to process): 26M, peak: 26M
current process commit charge ("private bytes"): 123M, peak: 123M

vm_info: OpenJDK 64-Bit Server VM (17.0.1+12) for windows-amd64 JRE (17.0.1+12), built on Oct 20 2021 07:42:55 by "" with MS VC++ 16.7 (VS2019)

END.
