#
# There is insufficient memory for the Java Runtime Environment to continue.
# Native memory allocation (mmap) failed to map 65011712 bytes for G1 virtual space
# Possible reasons:
#   The system is out of physical RAM or swap space
#   The process is running with CompressedOops enabled, and the Java Heap may be blocking the growth of the native heap
# Possible solutions:
#   Reduce memory load on the system
#   Increase physical memory or swap space
#   Check if swap backing store is full
#   Decrease Java heap size (-Xmx/-Xms)
#   Decrease number of Java threads
#   Decrease Java thread stack sizes (-Xss)
#   Set larger code cache with -XX:ReservedCodeCacheSize=
#   JVM is running with Unscaled Compressed Oops mode in which the Java heap is
#     placed in the first 4GB address space. The Java Heap base address is the
#     maximum limit for the native heap growth. Please use -XX:HeapBaseMinAddress
#     to set the Java Heap base and to place the Java Heap above 4GB virtual address.
# This output file may be truncated or incomplete.
#
#  Out of Memory Error (os_windows.cpp:3469), pid=5472, tid=20572
#
# JRE version:  (17.0.1+12) (build )
# Java VM: OpenJDK 64-Bit Server VM (17.0.1+12, mixed mode, sharing, tiered, compressed oops, compressed class ptrs, g1 gc, windows-amd64)
# No core dump will be written. Minidumps are not enabled by default on client versions of Windows
#

---------------  S U M M A R Y ------------

Command Line: -Dfile.encoding=Cp1252 -XX:+ShowCodeDetailsInExceptionMessages manager.InvoiceGUI

Host: Intel(R) Core(TM) i3-6006U CPU @ 2.00GHz, 4 cores, 3G,  Windows 10 , 64 bit Build 19041 (10.0.19041.1706)
Time: Mon May 23 17:56:59 2022 Nepal Standard Time elapsed time: 0.029943 seconds (0d 0h 0m 0s)

---------------  T H R E A D  ---------------

Current thread (0x0000019e6f38cd80):  JavaThread "Unknown thread" [_thread_in_vm, id=20572, stack(0x0000003eab400000,0x0000003eab500000)]

Stack: [0x0000003eab400000,0x0000003eab500000]
Native frames: (J=compiled Java code, j=interpreted, Vv=VM code, C=native code)
V  [jvm.dll+0x6744da]
V  [jvm.dll+0x82e144]
V  [jvm.dll+0x82f8ee]
V  [jvm.dll+0x82ff53]
V  [jvm.dll+0x245175]
V  [jvm.dll+0x6714c9]
V  [jvm.dll+0x665f92]
V  [jvm.dll+0x303c3b]
V  [jvm.dll+0x30b176]
V  [jvm.dll+0x35af1e]
V  [jvm.dll+0x35b14f]
V  [jvm.dll+0x2dab78]
V  [jvm.dll+0x2dbae4]
V  [jvm.dll+0x7ffdf1]
V  [jvm.dll+0x368c91]
V  [jvm.dll+0x7df2cc]
V  [jvm.dll+0x3eb59f]
V  [jvm.dll+0x3ed121]
C  [jli.dll+0x5277]
C  [ucrtbase.dll+0x21bb2]
C  [KERNEL32.DLL+0x17034]
C  [ntdll.dll+0x52651]


---------------  P R O C E S S  ---------------

Threads class SMR info:
_java_thread_list=0x00007ff8938c4e58, length=0, elements={
}

Java Threads: ( => current thread )

Other Threads:
  0x0000019e6f3b9af0 GCTaskThread "GC Thread#0" [stack: 0x0000003eab500000,0x0000003eab600000] [id=13972]
  0x0000019e6f3c2330 ConcurrentGCThread "G1 Main Marker" [stack: 0x0000003eab600000,0x0000003eab700000] [id=16140]
  0x0000019e6f3c5640 ConcurrentGCThread "G1 Conc#0" [stack: 0x0000003eab700000,0x0000003eab800000] [id=6252]

[error occurred during error reporting (printing all threads), id 0xc0000005, EXCEPTION_ACCESS_VIOLATION (0xc0000005) at pc=0x00007ff89309b5f7]

VM state: not at safepoint (not fully initialized)

VM Mutex/Monitor currently owned by a thread:  ([mutex/lock_event])
[0x0000019e6f387db0] Heap_lock - owner thread: 0x0000019e6f38cd80

Heap address: 0x00000000c3800000, size: 968 MB, Compressed Oops mode: 32-bit

CDS archive(s) mapped at: [0x0000000000000000-0x0000000000000000-0x0000000000000000), size 0, SharedBaseAddress: 0x0000000800000000, ArchiveRelocationMode: 0.
Narrow klass base: 0x0000000000000000, Narrow klass shift: 0, Narrow klass range: 0x0

GC Precious Log:
<Empty>

Heap:
 garbage-first heap   total 0K, used 0K [0x00000000c3800000, 0x0000000100000000)
  region size 1024K, 0 young (0K), 0 survivors (0K)

[error occurred during error reporting (printing heap information), id 0xc0000005, EXCEPTION_ACCESS_VIOLATION (0xc0000005) at pc=0x00007ff89347d729]

GC Heap History (0 events):
No events

Deoptimization events (0 events):
No events

Classes unloaded (0 events):
No events

Classes redefined (0 events):
No events

Internal exceptions (0 events):
No events

VM Operations (0 events):
No events

Events (1 events):
Event: 0.014 Loaded shared library C:\Users\nites\Downloads\eclipse-jee-2021-12-R-win32-x86_64\eclipse\plugins\org.eclipse.justj.openjdk.hotspot.jre.full.win32.x86_64_17.0.1.v20211116-1657\jre\bin\java.dll


Dynamic libraries:
0x00007ff720770000 - 0x00007ff72077e000 	C:\Users\nites\Downloads\eclipse-jee-2021-12-R-win32-x86_64\eclipse\plugins\org.eclipse.justj.openjdk.hotspot.jre.full.win32.x86_64_17.0.1.v20211116-1657\jre\bin\javaw.exe
0x00007ff8bfeb0000 - 0x00007ff8c00a5000 	C:\WINDOWS\SYSTEM32\ntdll.dll
0x00007ff8be140000 - 0x00007ff8be1fd000 	C:\WINDOWS\System32\KERNEL32.DLL
0x00007ff8bd6c0000 - 0x00007ff8bd98d000 	C:\WINDOWS\System32\KERNELBASE.dll
0x00007ff8bd5c0000 - 0x00007ff8bd6c0000 	C:\WINDOWS\System32\ucrtbase.dll
0x00007ff8af1b0000 - 0x00007ff8af1c9000 	C:\Users\nites\Downloads\eclipse-jee-2021-12-R-win32-x86_64\eclipse\plugins\org.eclipse.justj.openjdk.hotspot.jre.full.win32.x86_64_17.0.1.v20211116-1657\jre\bin\VCRUNTIME140.dll
0x00007ff8af230000 - 0x00007ff8af248000 	C:\Users\nites\Downloads\eclipse-jee-2021-12-R-win32-x86_64\eclipse\plugins\org.eclipse.justj.openjdk.hotspot.jre.full.win32.x86_64_17.0.1.v20211116-1657\jre\bin\jli.dll
0x00007ff8bdfa0000 - 0x00007ff8be140000 	C:\WINDOWS\System32\USER32.dll
0x00007ff8a6b70000 - 0x00007ff8a6e0a000 	C:\WINDOWS\WinSxS\amd64_microsoft.windows.common-controls_6595b64144ccf1df_6.0.19041.1110_none_60b5254171f9507e\COMCTL32.dll
0x00007ff8bdb40000 - 0x00007ff8bdb62000 	C:\WINDOWS\System32\win32u.dll
0x00007ff8bdf00000 - 0x00007ff8bdf9e000 	C:\WINDOWS\System32\msvcrt.dll
0x00007ff8bf9a0000 - 0x00007ff8bf9ca000 	C:\WINDOWS\System32\GDI32.dll
0x00007ff8bda30000 - 0x00007ff8bdb3b000 	C:\WINDOWS\System32\gdi32full.dll
0x00007ff8bd990000 - 0x00007ff8bda2d000 	C:\WINDOWS\System32\msvcp_win.dll
0x00007ff8be940000 - 0x00007ff8be970000 	C:\WINDOWS\System32\IMM32.DLL
0x00007ff8af570000 - 0x00007ff8af57c000 	C:\Users\nites\Downloads\eclipse-jee-2021-12-R-win32-x86_64\eclipse\plugins\org.eclipse.justj.openjdk.hotspot.jre.full.win32.x86_64_17.0.1.v20211116-1657\jre\bin\vcruntime140_1.dll
0x00007ff89a3a0000 - 0x00007ff89a431000 	C:\Users\nites\Downloads\eclipse-jee-2021-12-R-win32-x86_64\eclipse\plugins\org.eclipse.justj.openjdk.hotspot.jre.full.win32.x86_64_17.0.1.v20211116-1657\jre\bin\msvcp140.dll
0x00007ff892db0000 - 0x00007ff8939f6000 	C:\Users\nites\Downloads\eclipse-jee-2021-12-R-win32-x86_64\eclipse\plugins\org.eclipse.justj.openjdk.hotspot.jre.full.win32.x86_64_17.0.1.v20211116-1657\jre\bin\server\jvm.dll
0x00007ff8bf090000 - 0x00007ff8bf13e000 	C:\WINDOWS\System32\ADVAPI32.dll
0x00007ff8bf1b0000 - 0x00007ff8bf24c000 	C:\WINDOWS\System32\sechost.dll
0x00007ff8beb10000 - 0x00007ff8bec35000 	C:\WINDOWS\System32\RPCRT4.dll
0x00007ff8bfe60000 - 0x00007ff8bfe68000 	C:\WINDOWS\System32\PSAPI.DLL
0x00007ff8ae1a0000 - 0x00007ff8ae1c7000 	C:\WINDOWS\SYSTEM32\WINMM.dll
0x00007ff8b6d40000 - 0x00007ff8b6d49000 	C:\WINDOWS\SYSTEM32\WSOCK32.dll
0x00007ff8beaa0000 - 0x00007ff8beb0b000 	C:\WINDOWS\System32\WS2_32.dll
0x00007ff8a9df0000 - 0x00007ff8a9dfa000 	C:\WINDOWS\SYSTEM32\VERSION.dll
0x00007ff8bbe50000 - 0x00007ff8bbe62000 	C:\WINDOWS\SYSTEM32\kernel.appcore.dll
0x00007ff8b5910000 - 0x00007ff8b591a000 	C:\Users\nites\Downloads\eclipse-jee-2021-12-R-win32-x86_64\eclipse\plugins\org.eclipse.justj.openjdk.hotspot.jre.full.win32.x86_64_17.0.1.v20211116-1657\jre\bin\jimage.dll
0x00007ff8bbb80000 - 0x00007ff8bbd64000 	C:\WINDOWS\SYSTEM32\DBGHELP.DLL
0x00007ff8afd40000 - 0x00007ff8afd6c000 	C:\WINDOWS\SYSTEM32\dbgcore.DLL
0x00007ff8bdb70000 - 0x00007ff8bdbf2000 	C:\WINDOWS\System32\bcryptPrimitives.dll
0x00007ff8af2c0000 - 0x00007ff8af2e5000 	C:\Users\nites\Downloads\eclipse-jee-2021-12-R-win32-x86_64\eclipse\plugins\org.eclipse.justj.openjdk.hotspot.jre.full.win32.x86_64_17.0.1.v20211116-1657\jre\bin\java.dll

dbghelp: loaded successfully - version: 4.0.5 - missing functions: none
symbol engine: initialized successfully - sym options: 0x614 - pdb path: .;C:\Users\nites\Downloads\eclipse-jee-2021-12-R-win32-x86_64\eclipse\plugins\org.eclipse.justj.openjdk.hotspot.jre.full.win32.x86_64_17.0.1.v20211116-1657\jre\bin;C:\WINDOWS\SYSTEM32;C:\WINDOWS\WinSxS\amd64_microsoft.windows.common-controls_6595b64144ccf1df_6.0.19041.1110_none_60b5254171f9507e;C:\Users\nites\Downloads\eclipse-jee-2021-12-R-win32-x86_64\eclipse\plugins\org.eclipse.justj.openjdk.hotspot.jre.full.win32.x86_64_17.0.1.v20211116-1657\jre\bin\server

VM Arguments:
jvm_args: -Dfile.encoding=Cp1252 -XX:+ShowCodeDetailsInExceptionMessages 
java_command: manager.InvoiceGUI
java_class_path (initial): C:\Users\nites\eclipse-workspace\Assignment1\bin;C:\Users\nites\eclipse-workspace\Assignment1\libs\mysql-connector-java-8.0.28.jar;C:\Users\nites\eclipse-workspace\Assignment1\libs\TimingFramework-0.55.jar;C:\Users\nites\eclipse-workspace\Assignment1\libs\jcalendar-1.4.jar
Launcher Type: SUN_STANDARD

[Global flags]
     intx CICompilerCount                          = 3                                         {product} {ergonomic}
     uint ConcGCThreads                            = 1                                         {product} {ergonomic}
     uint G1ConcRefinementThreads                  = 4                                         {product} {ergonomic}
   size_t G1HeapRegionSize                         = 1048576                                   {product} {ergonomic}
    uintx GCDrainStackTargetSize                   = 64                                        {product} {ergonomic}
   size_t InitialHeapSize                          = 65011712                                  {product} {ergonomic}
   size_t MarkStackSize                            = 4194304                                   {product} {ergonomic}
   size_t MaxHeapSize                              = 1015021568                                {product} {ergonomic}
   size_t MinHeapDeltaBytes                        = 1048576                                   {product} {ergonomic}
   size_t MinHeapSize                              = 8388608                                   {product} {ergonomic}
    uintx NonNMethodCodeHeapSize                   = 5832780                                {pd product} {ergonomic}
    uintx NonProfiledCodeHeapSize                  = 122912730                              {pd product} {ergonomic}
    uintx ProfiledCodeHeapSize                     = 122912730                              {pd product} {ergonomic}
    uintx ReservedCodeCacheSize                    = 251658240                              {pd product} {ergonomic}
     bool SegmentedCodeCache                       = true                                      {product} {ergonomic}
     bool ShowCodeDetailsInExceptionMessages       = true                                   {manageable} {command line}
   size_t SoftMaxHeapSize                          = 1015021568                             {manageable} {ergonomic}
     bool UseCompressedClassPointers               = true                           {product lp64_product} {ergonomic}
     bool UseCompressedOops                        = true                           {product lp64_product} {ergonomic}
     bool UseG1GC                                  = true                                      {product} {ergonomic}
     bool UseLargePagesIndividualAllocation        = false                                  {pd product} {ergonomic}

Logging:
Log output configuration:
 #0: stdout all=warning uptime,level,tags
 #1: stderr all=off uptime,level,tags

Environment Variables:
PATH=C:/Users/nites/Downloads/eclipse-jee-2021-12-R-win32-x86_64/eclipse//plugins/org.eclipse.justj.openjdk.hotspot.jre.full.win32.x86_64_17.0.1.v20211116-1657/jre/bin/server;C:/Users/nites/Downloads/eclipse-jee-2021-12-R-win32-x86_64/eclipse//plugins/org.eclipse.justj.openjdk.hotspot.jre.full.win32.x86_64_17.0.1.v20211116-1657/jre/bin;C:\Program Files\Common Files\Oracle\Java\javapath;C:\WINDOWS\system32;C:\WINDOWS;C:\WINDOWS\System32\Wbem;C:\WINDOWS\System32\WindowsPowerShell\v1.0\;C:\WINDOWS\System32\OpenSSH\;C:\Users\nites\AppData\Local\Microsoft\WindowsApps;;C:\Users\nites\AppData\Local\Programs\Microsoft VS Code\bin;C:\Users\nites\Downloads\eclipse-jee-2021-12-R-win32-x86_64\eclipse;
USERNAME=nites
OS=Windows_NT
PROCESSOR_IDENTIFIER=Intel64 Family 6 Model 78 Stepping 3, GenuineIntel



---------------  S Y S T E M  ---------------

OS:
 Windows 10 , 64 bit Build 19041 (10.0.19041.1706)
OS uptime: 7 days 22:50 hours

CPU: total 4 (initial active 4) (2 cores per cpu, 2 threads per core) family 6 model 78 stepping 3 microcode 0xcc, cx8, cmov, fxsr, ht, mmx, 3dnowpref, sse, sse2, sse3, ssse3, sse4.1, sse4.2, popcnt, lzcnt, tsc, tscinvbit, avx, avx2, aes, erms, clmul, bmi1, bmi2, adx, fma, vzeroupper, clflush, clflushopt

Memory: 4k page, system-wide physical 3870M (296M free)
TotalPageFile size 15646M (AvailPageFile size 25M)
current process WorkingSet (physical memory assigned to process): 10M, peak: 10M
current process commit charge ("private bytes"): 51M, peak: 113M

vm_info: OpenJDK 64-Bit Server VM (17.0.1+12) for windows-amd64 JRE (17.0.1+12), built on Oct 20 2021 07:42:55 by "" with MS VC++ 16.7 (VS2019)

END.
